[www.mammothfarms.com/index.html]
[static.wixstatic.com/media/4f1702_94f368fdeb1646558dab10209f70d030_mv2.png/v1/fill/w_192,h_192,lg_1,usm_0.66_1.00_0.01/4f1702_94f368fdeb1646558dab10209f70d030_mv2.png]
[static.wixstatic.com/media/4f1702_94f368fdeb1646558dab10209f70d030_mv2.png/v1/fill/w_32,h_32,lg_1,usm_0.66_1.00_0.01/4f1702_94f368fdeb1646558dab10209f70d030_mv2.png]
[static.wixstatic.com/media/4f1702_94f368fdeb1646558dab10209f70d030_mv2.png/v1/fill/w_180,h_180,lg_1,usm_0.66_1.00_0.01/4f1702_94f368fdeb1646558dab10209f70d030_mv2.png]
[static.parastorage.com/unpkg/core-js-bundle@3.2.1/minified.js]
[static.parastorage.com/unpkg/focus-within-polyfill@5.0.9/dist/focus-within-polyfill.js]
[www.mammothfarms.com/s.5.delayed]
[www.mammothfarms.com/t.6.delayed]
[backblue.gif]
[fade.gif]
[index.html]
[static.wixstatic.com/media/e11bb1_eaaffe15cff846bd98a9a04647a1560d_mv2.png/v1/fill/w_168,h_116,al_c,q_85,usm_0.66_1.00_0.01,enc_avif,quality_auto/Mammoth Header Logo-05.png]
[www.mammothfarms.com/about.html]
[www.mammothfarms.com/people.html]
[www.mammothfarms.com/the-farm.html]
[www.mammothfarms.com/manufacturing.html]
[www.mammothfarms.com/coming-soon-03.html]
[www.mammothfarms.com/dandy-dimes.html]
[www.mammothfarms.com/copy-of-goldwater.html]
[www.mammothfarms.com/internships.html]
[www.mammothfarms.com/contact-us.html]
[static.wixstatic.com/media/e11bb1_ec03dcf1d6a74df7a892dfbca7138325_mv2.png/v1/fill/w_49,h_29,al_c,q_85,usm_0.66_1.00_0.01,blur_2,e/e11bb1_ec03dcf1d6a74df7a892dfbca7138325_mv2.png]
[static.wixstatic.com/media/e11bb1_d22beeb9ef134861b93b8ae4f5237138_mv2.png/v1/fill/w_49,h_32,al_c,q_85,usm_0.66_1.00_0.01,blur_2,e/e11bb1_d22beeb9ef134861b93b8ae4f5237138_mv2.png]
[static.wixstatic.com/media/e11bb1_798e34ae64104577bf7b0e252184e945_mv2.jpg/v1/fill/w_88,h_66,al_c,q_80,usm_0.66_1.00_0.01,blur_2,e/e11bb1_798e34ae64104577bf7b0e252184e945_mv2.jpg]
[static.wixstatic.com/media/e11bb1_d505e70485b44872812f28602733bf6d_mv2.png/v1/fill/w_36,h_23,al_c,q_85,usm_0.66_1.00_0.01,blur_2,e/e11bb1_d505e70485b44872812f28602733bf6d_mv2.png]
[static.wixstatic.com/media/e11bb1_23b13f7e5b024405b860de211a7cd337_mv2.jpg/v1/fill/w_99,h_74,al_c,q_80,usm_0.66_1.00_0.01,blur_2,e/e11bb1_23b13f7e5b024405b860de211a7cd337_mv2.jpg]
[static.wixstatic.com/media/e11bb1_4373ec351c324d4eae6f40b52b57352d_mv2.png/v1/crop/x_0,y_0,w_2414,h_1922/fill/w_495,h_394,al_c,q_85,usm_0.66_1.00_0.01,enc_av/Mammoth Farms Logo-15.13.delay]
[static.wixstatic.com/media/e11bb1_9fcadbddb9d046d283cb9f205772b3f6f000.jpg/v1/fill/w_53,h_30,al_c,q_80,usm_0.66_1.00_0.01,blur_2,e/e11bb1_9fcadbddb9d046d283cb9f205772b3f6f000.jpg]
[static.wixstatic.com/media/e11bb1_eaaffe15cff846bd98a9a04647a1560d_mv2.png/v1/fill/w_58,h_40,al_c,q_85,usm_0.66_1.00_0.01,blur_3,enc_avif,quality_auto/Mammoth Header Logo-05.png]
[browser.sentry-cdn.com/6.18.2/bundle.min.js]
[www.mammothfarms.com/sitemap.xml]
[www.mammothfarms.com/feed.1b.delayed]
[static.parastorage.com/services/wix-thunderbolt/dist/thunderbolt-commons.678e82ef.bundle.min.js]
[static.parastorage.com/services/wix-thunderbolt/dist/main.65ea53df.bundle.min.js]
[static.parastorage.com/services/wix-thunderbolt/dist/main.renderer.a20626f8.bundle.min.js]
[static.parastorage.com/unpkg/lodash@4.17.21/lodash.min.js]
[static.parastorage.com/unpkg/react@18.3.1/umd/react.production.min.js]
[static.parastorage.com/unpkg/react-dom@18.3.1/umd/react-dom.production.min.js]
[static.parastorage.com/services/wix-thunderbolt/dist/browser-deprecation.bundle.es5.js]
[www.mammothfarms.com/decodeURIComponent(e.23.delayed]
[static.parastorage.com/services/tag-manager-client/1.920.0/siteTags.bundle.min.js]
[www.mammothfarms.com/index.html]
[www.mammothfarms.com/s.html]
[www.mammothfarms.com/t.html]
[static.wixstatic.com/media/e11bb1_6fd25049c7464424b194662ce55632c7_mv2.png/v1/fill/w_56,h_51,al_c,q_85,usm_0.66_1.00_0.01,blur_2,e/e11bb1_6fd25049c7464424b194662ce55632c7_mv2.png]
[static.wixstatic.com/media/e11bb1_d2aa35c44ee548ba8e4de0f4d8de572d_mv2.png/v1/fill/w_49,h_26,al_c,q_85,usm_0.66_1.00_0.01,blur_2,e/e11bb1_d2aa35c44ee548ba8e4de0f4d8de572d_mv2.png]
[static.wixstatic.com/media/e11bb1_23b13f7e5b024405b860de211a7cd337_mv2.jpg/v1/fill/w_123,h_92,al_c,q_80,usm_0.66_1.00_0.01,blur_2,/e11bb1_23b13f7e5b024405b860de211a7cd337_mv2.jpg]
[www.mammothfarms.com/about.html]
[static.wixstatic.com/media/4f1702_cc6817de7bd547e6812b25e24def3660_mv2.jpg/v1/crop/x_24,y_0,w_1085,h_1085/fill/w_58,h_58,al_c,q_80,usm_0.66_1.00_0.01,blur_2,e/IMG_3530_edited.jpg]
[static.wixstatic.com/media/4f1702_8a5a18e105184067a3fb7c23e6b83805_mv2.jpg/v1/crop/x_112,y_0,w_1286,h_1286/fill/w_60,h_60,al_c,q_80,usm_0.66_1.00_0.01,blur_2,e/IMG_0718_edited.jpg]
[static.wixstatic.com/media/4f1702_bcd99224d8fe4d40ba80b5a105466ed5_mv2.jpg/v1/crop/x_0,y_504,w_3024,h_3024/fill/w_60,h_60,al_c,q_80,usm_0.66_1.00_0.01,blur_2,e/IMG_3846_JPG.jpg]
[static.wixstatic.com/media/4f1702_bfda9912ea3a475c9a2cfd15461e1461_mv2.jpg/v1/crop/x_0,y_83,w_961,h_961/fill/w_58,h_58,al_c,q_80,usm_0.66_1.00_0.01,blur_2,e/MP pic 3_edited.jpg]
[static.wixstatic.com/media/4f1702_ed0c3407076440f08b7e82215c9ec293_mv2.jpg/v1/crop/x_0,y_0,w_1158,h_1160/fill/w_60,h_60,al_c,q_80,usm_0.66_1.00_0.01,blur_2,e/IMG_0610 (1).jpg]
[static.wixstatic.com/media/4f1702_f7284f257b4c411a9e56c8ab7becc0cc_mv2.jpg/v1/crop/x_15,y_0,w_2421,h_2421/fill/w_67,h_67,al_c,q_80,usm_0.66_1.00_0.01,blur_2,e/FullSizeRender (1).jpg]
[static.wixstatic.com/media/e11bb1_658d34daa1cd421094682328fb19a0c3_mv2.jpg/v1/fill/w_80,h_60,al_c,q_80,usm_0.66_1.00_0.01,blur_2,e/e11bb1_658d34daa1cd421094682328fb19a0c3_mv2.jpg]
[www.mammothfarms.com/people.html]
[static.wixstatic.com/media/4f1702_f7ef5c41a8494b00ba47d7ca14652b37_mv2.jpg/v1/crop/x_0,y_0,w_1095,h_1093/fill/w_67,h_66,al_c,q_80,usm_0.66_1.00_0.01,blur_2,e/Resized_20211106_180529_edited]
[static.wixstatic.com/media/e11bb1_700865080252419288b1cc9b3b881fec_mv2.jpg/v1/fill/w_147,h_95,al_c,q_80,usm_0.66_1.00_0.01,blur_2,/e11bb1_700865080252419288b1cc9b3b881fec_mv2.jpg]
[static.wixstatic.com/media/e11bb1_23b13f7e5b024405b860de211a7cd337_mv2.jpg/v1/fill/w_96,h_72,al_c,q_80,usm_0.66_1.00_0.01,blur_2,enc_avif,quality_auto/Photo Sep 12 2019, 2 49 43 PM.jpg]
[static.wixstatic.com/media/e11bb1_d2ba2bc0cb324b58a6674cc47cb0fe46_mv2.png/v1/fill/w_53,h_40,al_c,q_85,usm_0.66_1.00_0.01,blur_2,e/Photo Jul 03 2019, 2 09 01 PM_edited.png]
[static.wixstatic.com/media/e11bb1_f376ac7faf8c4ae7b438f573f7fcae5e_mv2.jpg/v1/crop/x_0,y_170,w_3024,h_2268/fill/w_96,h_72,al_c,q_80,usm_0.66_1.00_0.01,blur_2,e/Photo Jun 09 2020, 5 13 07 P]
[static.wixstatic.com/media/e11bb1_700865080252419288b1cc9b3b881fec_mv2.jpg/v1/fill/w_50,h_32,al_c,q_80,usm_0.66_1.00_0.01,blur_2,e/e11bb1_700865080252419288b1cc9b3b881fec_mv2.jpg]
[www.mammothfarms.com/the-farm.html]
[static.wixstatic.com/media/e11bb1_75b22977175d452cbec69c7f6cadff28_mv2.jpg/v1/crop/x_0,y_1429,w_3024,h_2268/fill/w_96,h_72,al_c,q_80,usm_0.66_1.00_0.01,blur_2,e/Photo Sep 28 2021, 3 28 24]
[static.wixstatic.com/media/e11bb1_0936d82f7bff4b1083b65ebbb2ed89b6f000.jpg/v1/fill/w_147,h_83,al_c,q_80,usm_0.66_1.00_0.01,blur_2,/e11bb1_0936d82f7bff4b1083b65ebbb2ed89b6f000.jpg]
[www.mammothfarms.com/manufacturing.html]
[static.wixstatic.com/media/4f1702_6551c58b88184866836459c81d95c6a8_mv2.png/v1/fill/w_123,h_123,al_c,q_85,usm_0.66_1.00_0.01,blur_2/4f1702_6551c58b88184866836459c81d95c6a8_mv2.png]
[static.wixstatic.com/media/4f1702_b868fc608e804111b5b73529814402cb_mv2.png/v1/fill/w_123,h_123,al_c,q_85,usm_0.66_1.00_0.01,blur_2/4f1702_b868fc608e804111b5b73529814402cb_mv2.png]
[static.wixstatic.com/media/4f1702_759591bee2074c168ba3c5b4b2346dbb_mv2.png/v1/fill/w_123,h_123,al_c,q_85,usm_0.66_1.00_0.01,blur_2/4f1702_759591bee2074c168ba3c5b4b2346dbb_mv2.png]
[www.mammothfarms.com/coming-soon-03.html]
[static.wixstatic.com/media/4f1702_c20390899d364ed08a3f450cc2d65aee_mv2.png/v1/fill/w_665,h_138,al_c,q_85,usm_0.66_1.00_0.01,enc_avif,quality_auto/DD_TROP_1_3x.png]
[static.wixstatic.com/media/4f1702_0723042dd97a47f584bf21af87404aba_mv2.png/v1/fill/w_164,h_164,al_c,q_85,usm_0.66_1.00_0.01,enc_av/4f1702_0723042dd97a47f584bf21af87404aba_mv2.png]
[static.wixstatic.com/media/4f1702_e667f3a6a7c348aa8f84cde89a92c8e3_mv2.png/v1/fill/w_164,h_164,al_c,q_85,usm_0.66_1.00_0.01,enc_av/4f1702_e667f3a6a7c348aa8f84cde89a92c8e3_mv2.png]
[static.wixstatic.com/media/4f1702_b230ff25a84a48129495c99ba53922f5_mv2.png/v1/fill/w_164,h_164,al_c,q_85,usm_0.66_1.00_0.01,enc_av/4f1702_b230ff25a84a48129495c99ba53922f5_mv2.png]
[static.wixstatic.com/media/4f1702_b4926a88af4a4882924e66596fcf555d_mv2.png/v1/crop/x_445,y_1008,w_3821,h_2813/fill/w_184,h_138,al_c,q_85,usm_0.66_1.00_0.01,enc_av/4f1702_b4926a88af4a488292]
[static.wixstatic.com/media/4f1702_b20885824f7a48a2b107d107dbc302b3_mv2.png/v1/crop/x_500,y_1539,w_3766,h_1453/fill/w_827,h_318,al_c,q_85,usm_0.66_1.00_0.01,enc_av/4f1702_b20885824f7a48a2b1]
[static.wixstatic.com/media/4f1702_20c5043aa8c74129a9bd72af17251e53_mv2.jpg/v1/fill/w_685,h_841,al_c,q_85,usm_0.66_1.00_0.01,enc_avif,quality_auto/8_edited.jpg]
[static.wixstatic.com/media/4f1702_4c222353f1d6423dab2ebe91f79839e6_mv2.png/v1/fill/w_685,h_841,al_c,q_90,usm_0.66_1.00_0.01,enc_avif,quality_auto/9.png]
[static.wixstatic.com/media/4f1702_a6d876faa82843cf8338d04ba17c1d5a_mv2.png/v1/crop/x_277,y_1107,w_4174,h_356/fill/w_530,h_38,al_c,q_85,usm_0.66_1.00_0.01,enc_avi/4f1702_a6d876faa82843cf833]
[static.wixstatic.com/media/4f1702_b8e28312861c4d3396c7e4c0fd0247a9_mv2.png/v1/fill/w_685,h_841,al_c,q_90,usm_0.66_1.00_0.01,enc_avif,quality_auto/10.png]
[static.wixstatic.com/media/4f1702_a6d876faa82843cf8338d04ba17c1d5a_mv2.png/v1/crop/x_252,y_2075,w_4183,h_431/fill/w_530,h_38,al_c,q_85,usm_0.66_1.00_0.01,enc_avi/4f1702_a6d876faa82843cf833]
[static.wixstatic.com/media/4f1702_a6d876faa82843cf8338d04ba17c1d5a_mv2.png/v1/crop/x_283,y_3144,w_4146,h_299/fill/w_530,h_38,al_c,q_85,usm_0.66_1.00_0.01,enc_avi/4f1702_a6d876faa82843cf833]
[static.wixstatic.com/media/4f1702_6eaf54334fe542598afa81d2d7e20e9c_mv2.png/v1/crop/x_453,y_1227,w_3821,h_2305/fill/w_838,h_505,al_c,q_90,usm_0.66_1.00_0.01,enc_av/4f1702_6eaf54334fe542598a]
[www.mammothfarms.com/media/emptystate.85a4add5.47.delayed]
[static.wixstatic.com/media/4f1702_f878a6832ed64b0195eb348f407c0a70_mv2.png/v1/fit/w_960,h_721,q_90,enc_avif,quality_auto/4f1702_f878a6832ed64b0195eb348f407c0a70_mv2.png]
[static.wixstatic.com/media/4f1702_73bbccbf3b604d13af141d017d3102eb_mv2.png/v1/fit/w_480,h_720,q_90,enc_avif,quality_auto/4f1702_73bbccbf3b604d13af141d017d3102eb_mv2.png]
[static.wixstatic.com/media/4f1702_abdbf6360b3f453586345fcb34e93465_mv2.png/v1/fit/w_960,h_639,q_90,enc_avif,quality_auto/4f1702_abdbf6360b3f453586345fcb34e93465_mv2.png]
[static.wixstatic.com/media/4f1702_760c94f46fe7452a8de72e5402b8e60e_mv2.png/v1/fit/w_480,h_720,q_90,enc_avif,quality_auto/4f1702_760c94f46fe7452a8de72e5402b8e60e_mv2.png]
[static.wixstatic.com/media/4f1702_e50dd923817a455d906c2726fa092a7d_mv2.png/v1/fit/w_960,h_641,q_90,enc_avif,quality_auto/4f1702_e50dd923817a455d906c2726fa092a7d_mv2.png]
[static.wixstatic.com/media/4f1702_9671f6c459334f8e8b88240abc719f8a_mv2.png/v1/fit/w_960,h_718,q_90,enc_avif,quality_auto/4f1702_9671f6c459334f8e8b88240abc719f8a_mv2.png]
[static.wixstatic.com/media/4f1702_70f222517f0e41e49427f0f0c81a0807_mv2.png/v1/fit/w_480,h_721,q_90,enc_avif,quality_auto/4f1702_70f222517f0e41e49427f0f0c81a0807_mv2.png]
[static.wixstatic.com/media/4f1702_5549d356e54f4a2baa5f6cf5c358b09f_mv2.png/v1/fit/w_960,h_721,q_90,enc_avif,quality_auto/4f1702_5549d356e54f4a2baa5f6cf5c358b09f_mv2.png]
[static.wixstatic.com/media/4f1702_6212dd7acf9c4dc98277b32d6e312dae_mv2.png/v1/crop/x_500,y_1516,w_3735,h_1742/fill/w_866,h_404,al_c,q_85,usm_0.66_1.00_0.01,enc_av/4f1702_6212dd7acf9c4dc982]
[static.wixstatic.com/media/4f1702_c20390899d364ed08a3f450cc2d65aee_mv2.png/v1/fill/w_600,h_124,al_c,q_85,usm_0.66_1.00_0.01,enc_av/4f1702_c20390899d364ed08a3f450cc2d65aee_mv2.png]
[static.wixstatic.com/media/e11bb1_eaaffe15cff846bd98a9a04647a1560d_mv2.png/v1/fill/w_58,h_40,al_c,q_85,usm_0.66_1.00_0.01,enc_avif,quality_auto/Mammoth Header Logo-05.png]
[static.wixstatic.com/media/4f1702_90ae5427e921416f86640a8793dba693_mv2.png/v1/crop/x_364,y_665,w_2286,h_1677/fill/w_643,h_472,al_c,q_85,usm_0.66_1.00_0.01,enc_av/GOLDWATER_SATIVA_VAPES.51]
[static.wixstatic.com/media/11062b_b5690303a8ff470e9b1c03a24aff140b_mv2.png/v1/fill/w_16,h_16,al_c,q_85,usm_0.66_1.00_0.01,enc_avif/11062b_b5690303a8ff470e9b1c03a24aff140b_mv2.png]
[static.wixstatic.com/media/4f1702_b4926a88af4a4882924e66596fcf555d_mv2.png/v1/crop/x_461,y_984,w_3875,h_2891/fill/w_230,h_172,al_c,q_85,usm_0.66_1.00_0.01,enc_av/4f1702_b4926a88af4a4882924]
[static.wixstatic.com/media/11062b_cef3b719166a4815b446d4dcfcb6120d_mv2.png/v1/fill/w_16,h_16,al_c,q_85,usm_0.66_1.00_0.01,enc_avif/11062b_cef3b719166a4815b446d4dcfcb6120d_mv2.png]
[static.wixstatic.com/media/11062b_ef6a6ac194704911951645990055c2ce_mv2.png/v1/fill/w_16,h_16,al_c,q_85,usm_0.66_1.00_0.01,enc_avif/11062b_ef6a6ac194704911951645990055c2ce_mv2.png]
[www.mammothfarms.com/dandy-dimes.html]
[static.wixstatic.com/media/e11bb1_c259eaf8f10c43ecbea0988d5a048dff_mv2.png/v1/fill/w_403,h_199,al_c,q_85,usm_0.66_1.00_0.01,enc_av/e11bb1_c259eaf8f10c43ecbea0988d5a048dff_mv2.png]
[static.wixstatic.com/media/4f1702_9224769989e34116a9bc944c3454ed60_mv2.png/v1/crop/x_1406,y_3149,w_1875,h_367/fill/w_362,h_71,al_c,q_85,usm_0.66_1.00_0.01,enc_avi/4f1702_9224769989e34116a9]
[static.wixstatic.com/media/4f1702_bc826b6c8d5b40d6b2811ee1f5946323_mv2.png/v1/fill/w_586,h_586,al_c,q_85,usm_0.66_1.00_0.01,enc_av/4f1702_bc826b6c8d5b40d6b2811ee1f5946323_mv2.png]
[static.wixstatic.com/media/4f1702_13641050b48d4d08a241834c0828245b_mv2.png/v1/crop/x_330,y_885,w_2360,h_1280/fill/w_95,h_52,al_c,q_85,usm_0.66_1.00_0.01,blur_2,e/4f1702_13641050b48d4d08a24]
[static.wixstatic.com/media/4f1702_ad760a81efd44f48aaa212b7f61496d1_mv2.png/v1/fill/w_59,h_59,al_c,q_85,usm_0.66_1.00_0.01,blur_2,enc_avif,quality_auto/GOLDWATER_VAPES_INDICA.png]
[static.wixstatic.com/media/4f1702_76b607000cf14fbdad216f25772ef67f_mv2.png/v1/crop/x_330,y_890,w_2430,h_1285/fill/w_94,h_50,al_c,q_85,usm_0.66_1.00_0.01,blur_2,e/4f1702_76b607000cf14fbdad2]
[static.wixstatic.com/media/4f1702_c3232659cf434693b5d5e43b56edd067_mv2.png/v1/fill/w_59,h_59,al_c,q_85,usm_0.66_1.00_0.01,blur_2,enc_avif,quality_auto/GOLDWATER_VAPES_HYBRID.png]
[www.mammothfarms.com/copy-of-goldwater.html]
[static.wixstatic.com/media/4f1702_26803300b36d4789aadc522a750857c3_mv2.png/v1/crop/x_300,y_875,w_2485,h_1020/fill/w_96,h_39,al_c,q_85,usm_0.66_1.00_0.01,blur_2,e/4f1702_26803300b36d4789aad]
[static.wixstatic.com/media/e11bb1_8a2f3df6ff7f4befa92f0bf9c84e7785_mv2.jpg/v1/fill/w_23,h_31,al_c,q_80,usm_0.66_1.00_0.01,blur_2,e/e11bb1_8a2f3df6ff7f4befa92f0bf9c84e7785_mv2.jpg]
[www.mammothfarms.com/internships.html]
[static.wixstatic.com/media/e11bb1_798e34ae64104577bf7b0e252184e945_mv2.jpg/v1/fill/w_147,h_110,al_c,q_80,usm_0.66_1.00_0.01,blur_2/e11bb1_798e34ae64104577bf7b0e252184e945_mv2.jpg]
[www.mammothfarms.com/contact-us.html]
[www.mammothfarms.com/feed.html]
[www.mammothfarms.com/decodeURIComponent(e.html]
[www.mammothfarms.com/media/emptystate.85a4add5.html]
